<?xml version="1.0" encoding="UTF-8"?>
<testng-results skipped="0" failed="0" ignored="0" total="5" passed="5">
  <reporter-output>
  </reporter-output>
  <suite name="Demo Suite" duration-ms="151" started-at="2018-07-02T12:20:56Z" finished-at="2018-07-02T12:20:56Z">
    <groups>
    </groups>
    <test name="Min Calc Test" duration-ms="34" started-at="2018-07-02T12:20:56Z" finished-at="2018-07-02T12:20:56Z">
      <class name="com.epam.cdp.tests.MinCalcTest">
        <test-method status="PASS" signature="setUp()[pri:0, instance:com.epam.cdp.tests.MinCalcTest@104a311]" name="setUp" is-config="true" duration-ms="10" started-at="2018-07-02T15:20:56Z" finished-at="2018-07-02T15:20:56Z">
          <reporter-output>
          </reporter-output>
        </test-method> <!-- setUp -->
        <test-method status="PASS" signature="twoMinusOneTest()[pri:0, instance:com.epam.cdp.tests.MinCalcTest@104a311]" name="twoMinusOneTest" duration-ms="2" started-at="2018-07-02T15:20:56Z" finished-at="2018-07-02T15:20:56Z">
          <reporter-output>
          </reporter-output>
        </test-method> <!-- twoMinusOneTest -->
        <test-method status="PASS" signature="tearDown()[pri:0, instance:com.epam.cdp.tests.MinCalcTest@104a311]" name="tearDown" is-config="true" duration-ms="1" started-at="2018-07-02T15:20:56Z" finished-at="2018-07-02T15:20:56Z">
          <reporter-output>
          </reporter-output>
        </test-method> <!-- tearDown -->
      </class> <!-- com.epam.cdp.tests.MinCalcTest -->
    </test> <!-- Min Calc Test -->
    <test name="Sum Calc Test" duration-ms="5" started-at="2018-07-02T12:20:56Z" finished-at="2018-07-02T12:20:56Z">
      <class name="com.epam.cdp.tests.SumCalcTest">
        <test-method status="PASS" signature="setUp()[pri:0, instance:com.epam.cdp.tests.SumCalcTest@11e7682]" name="setUp" is-config="true" duration-ms="0" started-at="2018-07-02T15:20:56Z" finished-at="2018-07-02T15:20:56Z">
          <reporter-output>
          </reporter-output>
        </test-method> <!-- setUp -->
        <test-method status="PASS" signature="onePlusTwoTest(long, long, long)[pri:0, instance:com.epam.cdp.tests.SumCalcTest@11e7682]" name="onePlusTwoTest" duration-ms="0" started-at="2018-07-02T15:20:56Z" data-provider="valuesForTest" finished-at="2018-07-02T15:20:56Z">
          <params>
            <param index="0">
              <value>
                <![CDATA[10]]>
              </value>
            </param>
            <param index="1">
              <value>
                <![CDATA[23]]>
              </value>
            </param>
            <param index="2">
              <value>
                <![CDATA[33]]>
              </value>
            </param>
          </params>
          <reporter-output>
          </reporter-output>
        </test-method> <!-- onePlusTwoTest -->
        <test-method status="PASS" signature="onePlusTwoTest(long, long, long)[pri:0, instance:com.epam.cdp.tests.SumCalcTest@11e7682]" name="onePlusTwoTest" duration-ms="0" started-at="2018-07-02T15:20:56Z" data-provider="valuesForTest" finished-at="2018-07-02T15:20:56Z">
          <params>
            <param index="0">
              <value>
                <![CDATA[10]]>
              </value>
            </param>
            <param index="1">
              <value>
                <![CDATA[-1]]>
              </value>
            </param>
            <param index="2">
              <value>
                <![CDATA[9]]>
              </value>
            </param>
          </params>
          <reporter-output>
          </reporter-output>
        </test-method> <!-- onePlusTwoTest -->
        <test-method status="PASS" signature="onePlusTwoTest(long, long, long)[pri:0, instance:com.epam.cdp.tests.SumCalcTest@11e7682]" name="onePlusTwoTest" duration-ms="0" started-at="2018-07-02T15:20:56Z" data-provider="valuesForTest" finished-at="2018-07-02T15:20:56Z">
          <params>
            <param index="0">
              <value>
                <![CDATA[-1]]>
              </value>
            </param>
            <param index="1">
              <value>
                <![CDATA[10]]>
              </value>
            </param>
            <param index="2">
              <value>
                <![CDATA[9]]>
              </value>
            </param>
          </params>
          <reporter-output>
          </reporter-output>
        </test-method> <!-- onePlusTwoTest -->
        <test-method status="PASS" signature="tearDown()[pri:0, instance:com.epam.cdp.tests.SumCalcTest@11e7682]" name="tearDown" is-config="true" duration-ms="0" started-at="2018-07-02T15:20:56Z" finished-at="2018-07-02T15:20:56Z">
          <reporter-output>
          </reporter-output>
        </test-method> <!-- tearDown -->
        <test-method status="PASS" signature="onePlusTwoTest(long, long, long)[pri:0, instance:com.epam.cdp.tests.SumCalcTest@11e7682]" name="onePlusTwoTest" duration-ms="0" started-at="2018-07-02T15:20:56Z" data-provider="valuesForTest" finished-at="2018-07-02T15:20:56Z">
          <params>
            <param index="0">
              <value>
                <![CDATA[0]]>
              </value>
            </param>
            <param index="1">
              <value>
                <![CDATA[0]]>
              </value>
            </param>
            <param index="2">
              <value>
                <![CDATA[0]]>
              </value>
            </param>
          </params>
          <reporter-output>
          </reporter-output>
        </test-method> <!-- onePlusTwoTest -->
      </class> <!-- com.epam.cdp.tests.SumCalcTest -->
    </test> <!-- Sum Calc Test -->
  </suite> <!-- Demo Suite -->
  <suite name="Default Suite" duration-ms="0" started-at="2018-07-02T12:20:56Z" finished-at="2018-07-02T12:20:56Z">
    <groups>
    </groups>
  </suite> <!-- Default Suite -->
</testng-results>
