<?xml version="1.0" encoding="UTF-8"?>
<!-- Generated by org.testng.reporters.JUnitXMLReporter -->
<testsuite hostname="Tecby-PC" ignored="0" name="Sum Calc Test" tests="4" failures="0" timestamp="02 июл 2018 12:20:56 GMT" time="0.005" errors="0">
  <testcase name="onePlusTwoTest" time="0.0" classname="com.epam.cdp.tests.SumCalcTest"/>
  <testcase name="onePlusTwoTest" time="0.0" classname="com.epam.cdp.tests.SumCalcTest"/>
  <testcase name="onePlusTwoTest" time="0.0" classname="com.epam.cdp.tests.SumCalcTest"/>
  <testcase name="onePlusTwoTest" time="0.0" classname="com.epam.cdp.tests.SumCalcTest"/>
</testsuite> <!-- Sum Calc Test -->
